#-----------------------------------------------------------
# Vivado v2019.1 (64-bit)
# SW Build 2552052 on Fri May 24 14:49:42 MDT 2019
# IP Build 2548770 on Fri May 24 18:01:18 MDT 2019
# Start of session at: Thu May  4 19:49:58 2023
# Process ID: 3160
# Current directory: D:/github_repo/axi_stream_insert_header/vivado_project
# Command line: vivado.exe -gui_launcher_event rodinguilauncherevent10108 D:\github_repo\axi_stream_insert_header\vivado_project\axi_stream_insert_header.xpr
# Log file: D:/github_repo/axi_stream_insert_header/vivado_project/vivado.log
# Journal file: D:/github_repo/axi_stream_insert_header/vivado_project\vivado.jou
#-----------------------------------------------------------
start_gui
open_project D:/github_repo/axi_stream_insert_header/vivado_project/axi_stream_insert_header.xpr
CRITICAL WARNING: [Project 1-19] Could not find the file 'D:/github_repo/axi_stream_insert_header/vivado_project/axi_stream_insert_header.srcs/sim_1/new/test_bench.v'.
Scanning sources...
Finished scanning sources
INFO: [IP_Flow 19-234] Refreshing IP repositories
INFO: [IP_Flow 19-1704] No user IP repositories specified
INFO: [IP_Flow 19-2313] Loaded Vivado IP repository 'D:/SoftwareRoot/Vivado2019.1/Vivado/2019.1/data/ip'.
open_project: Time (s): cpu = 00:00:03 ; elapsed = 00:00:07 . Memory (MB): peak = 816.012 ; gain = 163.941
update_compile_order -fileset sources_1
export_ip_user_files -of_objects  [get_files D:/github_repo/axi_stream_insert_header/vivado_project/axi_stream_insert_header.srcs/sim_1/new/test_bench.v] -no_script -reset -force -quiet
remove_files  -fileset sim_1 D:/github_repo/axi_stream_insert_header/vivado_project/axi_stream_insert_header.srcs/sim_1/new/test_bench.v
exit
INFO: [Common 17-206] Exiting Vivado at Thu May  4 19:50:58 2023...
